1733229786.200455 client started (111603): version 3.2a, socket /tmp/tmux-1000/default, protocol 8
1733229786.200481 on Linux 6.1.115-126.197.amzn2023.x86_64 #1 SMP PREEMPT_DYNAMIC Tue Nov  5 17:36:57 UTC 2024
1733229786.200489 using libevent 2.1.12-stable (poll); ncurses 6.2
1733229786.200505 flags are 0x18010000
1733229786.200508 socket is /tmp/tmux-1000/default
1733229786.200528 trying connect
1733229786.200552 connect failed: Connection refused
1733229786.200561 lock file is /tmp/tmux-1000/default.lock
1733229786.200722 flock succeeded
1733229786.200727 got lock (6)
1733229786.200738 trying connect
1733229786.200749 connect failed: Connection refused
1733229786.201042 add peer 0x5654cfff86e0: 7 ((nil))
1733229786.201732 sending message 100 to peer 0x5654cfff86e0 (4 bytes)
1733229786.201741 sending message 111 to peer 0x5654cfff86e0 (8 bytes)
1733229786.201747 sending message 101 to peer 0x5654cfff86e0 (15 bytes)
1733229786.201747 sending message 109 to peer 0x5654cfff86e0 (4 bytes)
1733229786.201750 sending message 102 to peer 0x5654cfff86e0 (11 bytes)
1733229786.201753 sending message 108 to peer 0x5654cfff86e0 (22 bytes)
1733229786.201758 sending message 112 to peer 0x5654cfff86e0 (58 bytes)
1733229786.201761 sending message 112 to peer 0x5654cfff86e0 (5 bytes)
1733229786.201764 sending message 112 to peer 0x5654cfff86e0 (5 bytes)
1733229786.201767 sending message 112 to peer 0x5654cfff86e0 (6 bytes)
1733229786.201770 sending message 112 to peer 0x5654cfff86e0 (6 bytes)
1733229786.201773 sending message 112 to peer 0x5654cfff86e0 (11 bytes)
1733229786.201776 sending message 112 to peer 0x5654cfff86e0 (10 bytes)
1733229786.201779 sending message 112 to peer 0x5654cfff86e0 (13 bytes)
1733229786.201782 sending message 112 to peer 0x5654cfff86e0 (14 bytes)
1733229786.201785 sending message 112 to peer 0x5654cfff86e0 (19 bytes)
1733229786.201788 sending message 112 to peer 0x5654cfff86e0 (11 bytes)
1733229786.201791 sending message 112 to peer 0x5654cfff86e0 (10 bytes)
1733229786.201797 sending message 112 to peer 0x5654cfff86e0 (15 bytes)
1733229786.201800 sending message 112 to peer 0x5654cfff86e0 (21 bytes)
1733229786.201804 sending message 112 to peer 0x5654cfff86e0 (13 bytes)
1733229786.201807 sending message 112 to peer 0x5654cfff86e0 (7 bytes)
1733229786.201810 sending message 112 to peer 0x5654cfff86e0 (13 bytes)
1733229786.201813 sending message 112 to peer 0x5654cfff86e0 (7 bytes)
1733229786.201815 sending message 112 to peer 0x5654cfff86e0 (13 bytes)
1733229786.201818 sending message 112 to peer 0x5654cfff86e0 (9 bytes)
1733229786.201821 sending message 112 to peer 0x5654cfff86e0 (21 bytes)
1733229786.201824 sending message 112 to peer 0x5654cfff86e0 (13 bytes)
1733229786.201827 sending message 112 to peer 0x5654cfff86e0 (9 bytes)
1733229786.201830 sending message 112 to peer 0x5654cfff86e0 (16 bytes)
1733229786.201836 sending message 112 to peer 0x5654cfff86e0 (13 bytes)
1733229786.201839 sending message 112 to peer 0x5654cfff86e0 (9 bytes)
1733229786.201842 sending message 112 to peer 0x5654cfff86e0 (9 bytes)
1733229786.201845 sending message 112 to peer 0x5654cfff86e0 (12 bytes)
1733229786.201848 sending message 112 to peer 0x5654cfff86e0 (8 bytes)
1733229786.201851 sending message 112 to peer 0x5654cfff86e0 (8 bytes)
1733229786.201854 sending message 112 to peer 0x5654cfff86e0 (13 bytes)
1733229786.201857 sending message 112 to peer 0x5654cfff86e0 (7 bytes)
1733229786.201860 sending message 112 to peer 0x5654cfff86e0 (7 bytes)
1733229786.201862 sending message 112 to peer 0x5654cfff86e0 (9 bytes)
1733229786.201865 sending message 112 to peer 0x5654cfff86e0 (9 bytes)
1733229786.201868 sending message 112 to peer 0x5654cfff86e0 (15 bytes)
1733229786.201874 sending message 112 to peer 0x5654cfff86e0 (13 bytes)
1733229786.201877 sending message 112 to peer 0x5654cfff86e0 (12 bytes)
1733229786.201880 sending message 112 to peer 0x5654cfff86e0 (8 bytes)
1733229786.201883 sending message 112 to peer 0x5654cfff86e0 (14 bytes)
1733229786.201886 sending message 112 to peer 0x5654cfff86e0 (11 bytes)
1733229786.201889 sending message 112 to peer 0x5654cfff86e0 (9 bytes)
1733229786.201898 sending message 112 to peer 0x5654cfff86e0 (10 bytes)
1733229786.201901 sending message 112 to peer 0x5654cfff86e0 (10 bytes)
1733229786.201907 sending message 112 to peer 0x5654cfff86e0 (10 bytes)
1733229786.201910 sending message 112 to peer 0x5654cfff86e0 (10 bytes)
1733229786.201913 sending message 112 to peer 0x5654cfff86e0 (11 bytes)
1733229786.201916 sending message 112 to peer 0x5654cfff86e0 (12 bytes)
1733229786.201919 sending message 112 to peer 0x5654cfff86e0 (12 bytes)
1733229786.201922 sending message 112 to peer 0x5654cfff86e0 (12 bytes)
1733229786.201925 sending message 112 to peer 0x5654cfff86e0 (12 bytes)
1733229786.201928 sending message 112 to peer 0x5654cfff86e0 (12 bytes)
1733229786.201932 sending message 112 to peer 0x5654cfff86e0 (11 bytes)
1733229786.201936 sending message 112 to peer 0x5654cfff86e0 (11 bytes)
1733229786.201938 sending message 112 to peer 0x5654cfff86e0 (12 bytes)
1733229786.201941 sending message 112 to peer 0x5654cfff86e0 (12 bytes)
1733229786.201947 sending message 112 to peer 0x5654cfff86e0 (12 bytes)
1733229786.201947 sending message 112 to peer 0x5654cfff86e0 (12 bytes)
1733229786.201950 sending message 112 to peer 0x5654cfff86e0 (12 bytes)
1733229786.201953 sending message 112 to peer 0x5654cfff86e0 (9 bytes)
1733229786.201957 sending message 112 to peer 0x5654cfff86e0 (12 bytes)
1733229786.201959 sending message 112 to peer 0x5654cfff86e0 (13 bytes)
1733229786.201961 sending message 112 to peer 0x5654cfff86e0 (13 bytes)
1733229786.201964 sending message 112 to peer 0x5654cfff86e0 (13 bytes)
1733229786.201967 sending message 112 to peer 0x5654cfff86e0 (13 bytes)
1733229786.201973 sending message 112 to peer 0x5654cfff86e0 (13 bytes)
1733229786.201976 sending message 112 to peer 0x5654cfff86e0 (8 bytes)
1733229786.201979 sending message 112 to peer 0x5654cfff86e0 (11 bytes)
1733229786.201982 sending message 112 to peer 0x5654cfff86e0 (11 bytes)
1733229786.201985 sending message 112 to peer 0x5654cfff86e0 (11 bytes)
1733229786.201988 sending message 112 to peer 0x5654cfff86e0 (12 bytes)
1733229786.201991 sending message 112 to peer 0x5654cfff86e0 (12 bytes)
1733229786.201994 sending message 112 to peer 0x5654cfff86e0 (12 bytes)
1733229786.201997 sending message 112 to peer 0x5654cfff86e0 (12 bytes)
1733229786.202000 sending message 112 to peer 0x5654cfff86e0 (13 bytes)
1733229786.202006 sending message 112 to peer 0x5654cfff86e0 (13 bytes)
1733229786.202008 sending message 112 to peer 0x5654cfff86e0 (13 bytes)
1733229786.202009 sending message 112 to peer 0x5654cfff86e0 (8 bytes)
1733229786.202012 sending message 112 to peer 0x5654cfff86e0 (13 bytes)
1733229786.202015 sending message 112 to peer 0x5654cfff86e0 (13 bytes)
1733229786.202018 sending message 112 to peer 0x5654cfff86e0 (13 bytes)
1733229786.202021 sending message 112 to peer 0x5654cfff86e0 (13 bytes)
1733229786.202024 sending message 112 to peer 0x5654cfff86e0 (13 bytes)
1733229786.202027 sending message 112 to peer 0x5654cfff86e0 (12 bytes)
1733229786.202033 sending message 112 to peer 0x5654cfff86e0 (12 bytes)
1733229786.202035 sending message 112 to peer 0x5654cfff86e0 (12 bytes)
1733229786.202038 sending message 112 to peer 0x5654cfff86e0 (12 bytes)
1733229786.202041 sending message 112 to peer 0x5654cfff86e0 (13 bytes)
1733229786.202044 sending message 112 to peer 0x5654cfff86e0 (8 bytes)
1733229786.202049 sending message 112 to peer 0x5654cfff86e0 (13 bytes)
1733229786.202050 sending message 112 to peer 0x5654cfff86e0 (13 bytes)
1733229786.202064 sending message 112 to peer 0x5654cfff86e0 (13 bytes)
1733229786.202066 sending message 112 to peer 0x5654cfff86e0 (13 bytes)
1733229786.202069 sending message 112 to peer 0x5654cfff86e0 (13 bytes)
1733229786.202072 sending message 112 to peer 0x5654cfff86e0 (13 bytes)
1733229786.202075 sending message 112 to peer 0x5654cfff86e0 (13 bytes)
1733229786.202078 sending message 112 to peer 0x5654cfff86e0 (12 bytes)
1733229786.202081 sending message 112 to peer 0x5654cfff86e0 (12 bytes)
1733229786.202084 sending message 112 to peer 0x5654cfff86e0 (12 bytes)
1733229786.202096 sending message 112 to peer 0x5654cfff86e0 (8 bytes)
1733229786.202099 sending message 112 to peer 0x5654cfff86e0 (12 bytes)
1733229786.202100 sending message 112 to peer 0x5654cfff86e0 (13 bytes)
1733229786.202104 sending message 112 to peer 0x5654cfff86e0 (13 bytes)
1733229786.202107 sending message 112 to peer 0x5654cfff86e0 (13 bytes)
1733229786.202110 sending message 112 to peer 0x5654cfff86e0 (13 bytes)
1733229786.202113 sending message 112 to peer 0x5654cfff86e0 (13 bytes)
1733229786.202116 sending message 112 to peer 0x5654cfff86e0 (13 bytes)
1733229786.202119 sending message 112 to peer 0x5654cfff86e0 (13 bytes)
1733229786.202122 sending message 112 to peer 0x5654cfff86e0 (13 bytes)
1733229786.202128 sending message 112 to peer 0x5654cfff86e0 (12 bytes)
1733229786.202131 sending message 112 to peer 0x5654cfff86e0 (10 bytes)
1733229786.202135 sending message 112 to peer 0x5654cfff86e0 (12 bytes)
1733229786.202138 sending message 112 to peer 0x5654cfff86e0 (12 bytes)
1733229786.202141 sending message 112 to peer 0x5654cfff86e0 (12 bytes)
1733229786.202141 sending message 112 to peer 0x5654cfff86e0 (13 bytes)
1733229786.202146 sending message 112 to peer 0x5654cfff86e0 (13 bytes)
1733229786.202149 sending message 112 to peer 0x5654cfff86e0 (13 bytes)
1733229786.202152 sending message 112 to peer 0x5654cfff86e0 (13 bytes)
1733229786.202155 sending message 112 to peer 0x5654cfff86e0 (13 bytes)
1733229786.202158 sending message 112 to peer 0x5654cfff86e0 (13 bytes)
1733229786.202161 sending message 112 to peer 0x5654cfff86e0 (13 bytes)
1733229786.202164 sending message 112 to peer 0x5654cfff86e0 (10 bytes)
1733229786.202167 sending message 112 to peer 0x5654cfff86e0 (13 bytes)
1733229786.202172 sending message 112 to peer 0x5654cfff86e0 (12 bytes)
1733229786.202175 sending message 112 to peer 0x5654cfff86e0 (12 bytes)
1733229786.202178 sending message 112 to peer 0x5654cfff86e0 (12 bytes)
1733229786.202181 sending message 112 to peer 0x5654cfff86e0 (10 bytes)
1733229786.202184 sending message 112 to peer 0x5654cfff86e0 (10 bytes)
1733229786.202187 sending message 112 to peer 0x5654cfff86e0 (10 bytes)
1733229786.202190 sending message 112 to peer 0x5654cfff86e0 (12 bytes)
1733229786.202193 sending message 112 to peer 0x5654cfff86e0 (13 bytes)
1733229786.202196 sending message 112 to peer 0x5654cfff86e0 (13 bytes)
1733229786.202199 sending message 112 to peer 0x5654cfff86e0 (13 bytes)
1733229786.202202 sending message 112 to peer 0x5654cfff86e0 (13 bytes)
1733229786.202205 sending message 112 to peer 0x5654cfff86e0 (13 bytes)
1733229786.202208 sending message 112 to peer 0x5654cfff86e0 (10 bytes)
1733229786.202211 sending message 112 to peer 0x5654cfff86e0 (11 bytes)
1733229786.202214 sending message 112 to peer 0x5654cfff86e0 (12 bytes)
1733229786.202217 sending message 112 to peer 0x5654cfff86e0 (12 bytes)
1733229786.202220 sending message 112 to peer 0x5654cfff86e0 (12 bytes)
1733229786.202226 sending message 112 to peer 0x5654cfff86e0 (12 bytes)
1733229786.202229 sending message 112 to peer 0x5654cfff86e0 (12 bytes)
1733229786.202232 sending message 112 to peer 0x5654cfff86e0 (11 bytes)
1733229786.202233 sending message 112 to peer 0x5654cfff86e0 (12 bytes)
1733229786.202237 sending message 112 to peer 0x5654cfff86e0 (12 bytes)
1733229786.202241 sending message 112 to peer 0x5654cfff86e0 (13 bytes)
1733229786.202244 sending message 112 to peer 0x5654cfff86e0 (13 bytes)
1733229786.202247 sending message 112 to peer 0x5654cfff86e0 (13 bytes)
1733229786.202250 sending message 112 to peer 0x5654cfff86e0 (13 bytes)
1733229786.202253 sending message 112 to peer 0x5654cfff86e0 (13 bytes)
1733229786.202259 sending message 112 to peer 0x5654cfff86e0 (10 bytes)
1733229786.202262 sending message 112 to peer 0x5654cfff86e0 (9 bytes)
1733229786.202265 sending message 112 to peer 0x5654cfff86e0 (12 bytes)
1733229786.202271 sending message 112 to peer 0x5654cfff86e0 (13 bytes)
1733229786.202274 sending message 112 to peer 0x5654cfff86e0 (13 bytes)
1733229786.202275 sending message 112 to peer 0x5654cfff86e0 (13 bytes)
1733229786.202281 sending message 112 to peer 0x5654cfff86e0 (13 bytes)
1733229786.202284 sending message 112 to peer 0x5654cfff86e0 (13 bytes)
1733229786.202287 sending message 112 to peer 0x5654cfff86e0 (9 bytes)
1733229786.202293 sending message 112 to peer 0x5654cfff86e0 (12 bytes)
1733229786.202294 sending message 112 to peer 0x5654cfff86e0 (13 bytes)
1733229786.202298 sending message 112 to peer 0x5654cfff86e0 (13 bytes)
1733229786.202302 sending message 112 to peer 0x5654cfff86e0 (13 bytes)
1733229786.202305 sending message 112 to peer 0x5654cfff86e0 (13 bytes)
1733229786.202308 sending message 112 to peer 0x5654cfff86e0 (13 bytes)
1733229786.202310 sending message 112 to peer 0x5654cfff86e0 (11 bytes)
1733229786.202313 sending message 112 to peer 0x5654cfff86e0 (12 bytes)
1733229786.202318 sending message 112 to peer 0x5654cfff86e0 (13 bytes)
1733229786.202322 sending message 112 to peer 0x5654cfff86e0 (13 bytes)
1733229786.202324 sending message 112 to peer 0x5654cfff86e0 (13 bytes)
1733229786.202327 sending message 112 to peer 0x5654cfff86e0 (13 bytes)
1733229786.202330 sending message 112 to peer 0x5654cfff86e0 (13 bytes)
1733229786.202333 sending message 112 to peer 0x5654cfff86e0 (11 bytes)
1733229786.202334 sending message 112 to peer 0x5654cfff86e0 (12 bytes)
1733229786.202339 sending message 112 to peer 0x5654cfff86e0 (12 bytes)
1733229786.202342 sending message 112 to peer 0x5654cfff86e0 (12 bytes)
1733229786.202348 sending message 112 to peer 0x5654cfff86e0 (12 bytes)
1733229786.202350 sending message 112 to peer 0x5654cfff86e0 (12 bytes)
1733229786.202353 sending message 112 to peer 0x5654cfff86e0 (21 bytes)
1733229786.202356 sending message 112 to peer 0x5654cfff86e0 (12 bytes)
1733229786.202359 sending message 112 to peer 0x5654cfff86e0 (9 bytes)
1733229786.202362 sending message 112 to peer 0x5654cfff86e0 (6 bytes)
1733229786.202367 sending message 112 to peer 0x5654cfff86e0 (13 bytes)
1733229786.202368 sending message 112 to peer 0x5654cfff86e0 (10 bytes)
1733229786.202372 sending message 112 to peer 0x5654cfff86e0 (24 bytes)
1733229786.202375 sending message 112 to peer 0x5654cfff86e0 (13 bytes)
1733229786.202380 sending message 112 to peer 0x5654cfff86e0 (9 bytes)
1733229786.202383 sending message 112 to peer 0x5654cfff86e0 (70 bytes)
1733229786.202387 sending message 112 to peer 0x5654cfff86e0 (69 bytes)
1733229786.202389 sending message 112 to peer 0x5654cfff86e0 (12 bytes)
1733229786.202393 sending message 112 to peer 0x5654cfff86e0 (10 bytes)
1733229786.202393 sending message 112 to peer 0x5654cfff86e0 (10 bytes)
1733229786.202400 sending message 112 to peer 0x5654cfff86e0 (24 bytes)
1733229786.202406 sending message 112 to peer 0x5654cfff86e0 (13 bytes)
1733229786.202409 sending message 112 to peer 0x5654cfff86e0 (10 bytes)
1733229786.202411 sending message 112 to peer 0x5654cfff86e0 (10 bytes)
1733229786.202415 sending message 112 to peer 0x5654cfff86e0 (10 bytes)
1733229786.202417 sending message 112 to peer 0x5654cfff86e0 (13 bytes)
1733229786.202420 sending message 112 to peer 0x5654cfff86e0 (15 bytes)
1733229786.202423 sending message 112 to peer 0x5654cfff86e0 (5 bytes)
1733229786.202428 sending message 104 to peer 0x5654cfff86e0 (0 bytes)
1733229786.202433 sending message 110 to peer 0x5654cfff86e0 (0 bytes)
1733229786.202437 sending message 107 to peer 0x5654cfff86e0 (4 bytes)
1733229786.202440 sending message 105 to peer 0x5654cfff86e0 (14 bytes)
1733229786.202444 sending message 105 to peer 0x5654cfff86e0 (17 bytes)
1733229786.202446 sending message 105 to peer 0x5654cfff86e0 (20 bytes)
1733229786.202449 sending message 105 to peer 0x5654cfff86e0 (81 bytes)
1733229786.202453 sending message 105 to peer 0x5654cfff86e0 (19 bytes)
1733229786.202464 sending message 105 to peer 0x5654cfff86e0 (20 bytes)
1733229786.202467 sending message 105 to peer 0x5654cfff86e0 (24 bytes)
1733229786.202470 sending message 105 to peer 0x5654cfff86e0 (25 bytes)
1733229786.202473 sending message 105 to peer 0x5654cfff86e0 (27 bytes)
1733229786.202476 sending message 105 to peer 0x5654cfff86e0 (15 bytes)
1733229786.202482 sending message 105 to peer 0x5654cfff86e0 (18 bytes)
1733229786.202485 sending message 105 to peer 0x5654cfff86e0 (31 bytes)
1733229786.202488 sending message 105 to peer 0x5654cfff86e0 (54 bytes)
1733229786.202491 sending message 105 to peer 0x5654cfff86e0 (21 bytes)
1733229786.202493 sending message 105 to peer 0x5654cfff86e0 (23 bytes)
1733229786.202496 sending message 105 to peer 0x5654cfff86e0 (33 bytes)
1733229786.202499 sending message 105 to peer 0x5654cfff86e0 (50 bytes)
1733229786.202503 sending message 105 to peer 0x5654cfff86e0 (19 bytes)
1733229786.202507 sending message 105 to peer 0x5654cfff86e0 (8 bytes)
1733229786.202510 sending message 105 to peer 0x5654cfff86e0 (26 bytes)
1733229786.202514 sending message 105 to peer 0x5654cfff86e0 (22 bytes)
1733229786.202517 sending message 105 to peer 0x5654cfff86e0 (23 bytes)
1733229786.202523 sending message 105 to peer 0x5654cfff86e0 (30 bytes)
1733229786.202526 sending message 105 to peer 0x5654cfff86e0 (38 bytes)
1733229786.202526 sending message 105 to peer 0x5654cfff86e0 (15 bytes)
1733229786.202533 sending message 105 to peer 0x5654cfff86e0 (1525 bytes)
1733229786.202550 sending message 105 to peer 0x5654cfff86e0 (14 bytes)
1733229786.202552 sending message 105 to peer 0x5654cfff86e0 (13 bytes)
1733229786.202555 sending message 105 to peer 0x5654cfff86e0 (35 bytes)
1733229786.202558 sending message 105 to peer 0x5654cfff86e0 (21 bytes)
1733229786.202561 sending message 105 to peer 0x5654cfff86e0 (25 bytes)
1733229786.202565 sending message 105 to peer 0x5654cfff86e0 (30 bytes)
1733229786.202568 sending message 105 to peer 0x5654cfff86e0 (11 bytes)
1733229786.202571 sending message 105 to peer 0x5654cfff86e0 (8 bytes)
1733229786.202575 sending message 105 to peer 0x5654cfff86e0 (32 bytes)
1733229786.202578 sending message 105 to peer 0x5654cfff86e0 (16 bytes)
1733229786.202582 sending message 106 to peer 0x5654cfff86e0 (0 bytes)
1733229786.202588 sending message 200 to peer 0x5654cfff86e0 (4 bytes)
1733229786.202591 client loop enter
1733229786.202632 client_signal: Child exited
1733229786.253114 peer 0x5654cfff86e0 message 207
1733229786.253131 sending message 208 to peer 0x5654cfff86e0 (0 bytes)
1733229789.183775 peer 0x5654cfff86e0 message 203
1733229789.183791 sending message 205 to peer 0x5654cfff86e0 (0 bytes)
1733229789.184072 peer 0x5654cfff86e0 message 204
1733229789.184078 client loop exit
