1733229682.093390 client started (111432): version 3.2a, socket /tmp/tmux-1000/default, protocol 8
1733229682.093419 on Linux 6.1.115-126.197.amzn2023.x86_64 #1 SMP PREEMPT_DYNAMIC Tue Nov  5 17:36:57 UTC 2024
1733229682.093423 using libevent 2.1.12-stable (poll); ncurses 6.2
1733229682.093442 flags are 0x10010000
1733229682.093446 socket is /tmp/tmux-1000/default
1733229682.093465 trying connect
1733229682.093554 add peer 0x558fecf4a770: 6 ((nil))
1733229682.093797 sending message 100 to peer 0x558fecf4a770 (4 bytes)
1733229682.093804 sending message 111 to peer 0x558fecf4a770 (8 bytes)
1733229682.093808 sending message 101 to peer 0x558fecf4a770 (7 bytes)
1733229682.093811 sending message 109 to peer 0x558fecf4a770 (4 bytes)
1733229682.093814 sending message 102 to peer 0x558fecf4a770 (11 bytes)
1733229682.093818 sending message 108 to peer 0x558fecf4a770 (22 bytes)
1733229682.093821 sending message 112 to peer 0x558fecf4a770 (70 bytes)
1733229682.093825 sending message 112 to peer 0x558fecf4a770 (5 bytes)
1733229682.093828 sending message 112 to peer 0x558fecf4a770 (5 bytes)
1733229682.093832 sending message 112 to peer 0x558fecf4a770 (6 bytes)
1733229682.093835 sending message 112 to peer 0x558fecf4a770 (6 bytes)
1733229682.093838 sending message 112 to peer 0x558fecf4a770 (11 bytes)
1733229682.093842 sending message 112 to peer 0x558fecf4a770 (10 bytes)
1733229682.093845 sending message 112 to peer 0x558fecf4a770 (13 bytes)
1733229682.093848 sending message 112 to peer 0x558fecf4a770 (13 bytes)
1733229682.093851 sending message 112 to peer 0x558fecf4a770 (18 bytes)
1733229682.093855 sending message 112 to peer 0x558fecf4a770 (9 bytes)
1733229682.093858 sending message 112 to peer 0x558fecf4a770 (21 bytes)
1733229682.093861 sending message 112 to peer 0x558fecf4a770 (13 bytes)
1733229682.093865 sending message 112 to peer 0x558fecf4a770 (7 bytes)
1733229682.093868 sending message 112 to peer 0x558fecf4a770 (13 bytes)
1733229682.093872 sending message 112 to peer 0x558fecf4a770 (7 bytes)
1733229682.093875 sending message 112 to peer 0x558fecf4a770 (13 bytes)
1733229682.093878 sending message 112 to peer 0x558fecf4a770 (9 bytes)
1733229682.093882 sending message 112 to peer 0x558fecf4a770 (21 bytes)
1733229682.093885 sending message 112 to peer 0x558fecf4a770 (13 bytes)
1733229682.093888 sending message 112 to peer 0x558fecf4a770 (8 bytes)
1733229682.093892 sending message 112 to peer 0x558fecf4a770 (12 bytes)
1733229682.093895 sending message 112 to peer 0x558fecf4a770 (13 bytes)
1733229682.093898 sending message 112 to peer 0x558fecf4a770 (9 bytes)
1733229682.093902 sending message 112 to peer 0x558fecf4a770 (9 bytes)
1733229682.093905 sending message 112 to peer 0x558fecf4a770 (12 bytes)
1733229682.093908 sending message 112 to peer 0x558fecf4a770 (8 bytes)
1733229682.093911 sending message 112 to peer 0x558fecf4a770 (7 bytes)
1733229682.093915 sending message 112 to peer 0x558fecf4a770 (7 bytes)
1733229682.093918 sending message 112 to peer 0x558fecf4a770 (9 bytes)
1733229682.093921 sending message 112 to peer 0x558fecf4a770 (13 bytes)
1733229682.093924 sending message 112 to peer 0x558fecf4a770 (9 bytes)
1733229682.093928 sending message 112 to peer 0x558fecf4a770 (15 bytes)
1733229682.093931 sending message 112 to peer 0x558fecf4a770 (13 bytes)
1733229682.093934 sending message 112 to peer 0x558fecf4a770 (12 bytes)
1733229682.093938 sending message 112 to peer 0x558fecf4a770 (8 bytes)
1733229682.093941 sending message 112 to peer 0x558fecf4a770 (14 bytes)
1733229682.093944 sending message 112 to peer 0x558fecf4a770 (9 bytes)
1733229682.093947 sending message 112 to peer 0x558fecf4a770 (10 bytes)
1733229682.093951 sending message 112 to peer 0x558fecf4a770 (10 bytes)
1733229682.093954 sending message 112 to peer 0x558fecf4a770 (10 bytes)
1733229682.093957 sending message 112 to peer 0x558fecf4a770 (10 bytes)
1733229682.093960 sending message 112 to peer 0x558fecf4a770 (11 bytes)
1733229682.093964 sending message 112 to peer 0x558fecf4a770 (10 bytes)
1733229682.093967 sending message 112 to peer 0x558fecf4a770 (8 bytes)
1733229682.093977 sending message 112 to peer 0x558fecf4a770 (11 bytes)
1733229682.093980 sending message 112 to peer 0x558fecf4a770 (11 bytes)
1733229682.093984 sending message 112 to peer 0x558fecf4a770 (11 bytes)
1733229682.093987 sending message 112 to peer 0x558fecf4a770 (8 bytes)
1733229682.093990 sending message 112 to peer 0x558fecf4a770 (8 bytes)
1733229682.093993 sending message 112 to peer 0x558fecf4a770 (8 bytes)
1733229682.093997 sending message 112 to peer 0x558fecf4a770 (10 bytes)
1733229682.094000 sending message 112 to peer 0x558fecf4a770 (10 bytes)
1733229682.094003 sending message 112 to peer 0x558fecf4a770 (10 bytes)
1733229682.094007 sending message 112 to peer 0x558fecf4a770 (10 bytes)
1733229682.094010 sending message 112 to peer 0x558fecf4a770 (10 bytes)
1733229682.094013 sending message 112 to peer 0x558fecf4a770 (11 bytes)
1733229682.094016 sending message 112 to peer 0x558fecf4a770 (11 bytes)
1733229682.094020 sending message 112 to peer 0x558fecf4a770 (10 bytes)
1733229682.094023 sending message 112 to peer 0x558fecf4a770 (9 bytes)
1733229682.094026 sending message 112 to peer 0x558fecf4a770 (9 bytes)
1733229682.094029 sending message 112 to peer 0x558fecf4a770 (12 bytes)
1733229682.094033 sending message 112 to peer 0x558fecf4a770 (9 bytes)
1733229682.094036 sending message 112 to peer 0x558fecf4a770 (6 bytes)
1733229682.094039 sending message 112 to peer 0x558fecf4a770 (8 bytes)
1733229682.094043 sending message 112 to peer 0x558fecf4a770 (15 bytes)
1733229682.094046 sending message 112 to peer 0x558fecf4a770 (13 bytes)
1733229682.094049 sending message 112 to peer 0x558fecf4a770 (16 bytes)
1733229682.094053 sending message 112 to peer 0x558fecf4a770 (16 bytes)
1733229682.094056 sending message 112 to peer 0x558fecf4a770 (10 bytes)
1733229682.094059 sending message 112 to peer 0x558fecf4a770 (8 bytes)
1733229682.094063 sending message 112 to peer 0x558fecf4a770 (15 bytes)
1733229682.094066 sending message 112 to peer 0x558fecf4a770 (13 bytes)
1733229682.094069 sending message 112 to peer 0x558fecf4a770 (10 bytes)
1733229682.094072 sending message 112 to peer 0x558fecf4a770 (10 bytes)
1733229682.094076 sending message 112 to peer 0x558fecf4a770 (5 bytes)
1733229682.094079 sending message 112 to peer 0x558fecf4a770 (15 bytes)
1733229682.094086 sending message 104 to peer 0x558fecf4a770 (0 bytes)
1733229682.094091 sending message 110 to peer 0x558fecf4a770 (0 bytes)
1733229682.094095 sending message 107 to peer 0x558fecf4a770 (4 bytes)
1733229682.094098 sending message 105 to peer 0x558fecf4a770 (54 bytes)
1733229682.094102 sending message 105 to peer 0x558fecf4a770 (23 bytes)
1733229682.094105 sending message 105 to peer 0x558fecf4a770 (15 bytes)
1733229682.094108 sending message 105 to peer 0x558fecf4a770 (20 bytes)
1733229682.094111 sending message 105 to peer 0x558fecf4a770 (38 bytes)
1733229682.094115 sending message 105 to peer 0x558fecf4a770 (13 bytes)
1733229682.094118 sending message 105 to peer 0x558fecf4a770 (8 bytes)
1733229682.094121 sending message 105 to peer 0x558fecf4a770 (35 bytes)
1733229682.094125 sending message 105 to peer 0x558fecf4a770 (17 bytes)
1733229682.094128 sending message 105 to peer 0x558fecf4a770 (32 bytes)
1733229682.094131 sending message 105 to peer 0x558fecf4a770 (1525 bytes)
1733229682.094145 sending message 105 to peer 0x558fecf4a770 (30 bytes)
1733229682.094148 sending message 105 to peer 0x558fecf4a770 (15 bytes)
1733229682.094152 sending message 105 to peer 0x558fecf4a770 (29 bytes)
1733229682.094155 sending message 105 to peer 0x558fecf4a770 (11 bytes)
1733229682.094158 sending message 105 to peer 0x558fecf4a770 (81 bytes)
1733229682.094162 sending message 105 to peer 0x558fecf4a770 (26 bytes)
1733229682.094165 sending message 105 to peer 0x558fecf4a770 (25 bytes)
1733229682.094168 sending message 105 to peer 0x558fecf4a770 (24 bytes)
1733229682.094171 sending message 105 to peer 0x558fecf4a770 (27 bytes)
1733229682.094175 sending message 105 to peer 0x558fecf4a770 (19 bytes)
1733229682.094178 sending message 105 to peer 0x558fecf4a770 (8 bytes)
1733229682.094184 sending message 105 to peer 0x558fecf4a770 (33 bytes)
1733229682.094188 sending message 105 to peer 0x558fecf4a770 (50 bytes)
1733229682.094191 sending message 105 to peer 0x558fecf4a770 (19 bytes)
1733229682.094194 sending message 105 to peer 0x558fecf4a770 (21 bytes)
1733229682.094198 sending message 105 to peer 0x558fecf4a770 (14 bytes)
1733229682.094201 sending message 105 to peer 0x558fecf4a770 (12 bytes)
1733229682.094204 sending message 105 to peer 0x558fecf4a770 (18 bytes)
1733229682.094207 sending message 105 to peer 0x558fecf4a770 (26 bytes)
1733229682.094211 sending message 105 to peer 0x558fecf4a770 (37 bytes)
1733229682.094214 sending message 105 to peer 0x558fecf4a770 (13 bytes)
1733229682.094217 sending message 105 to peer 0x558fecf4a770 (14 bytes)
1733229682.094220 sending message 105 to peer 0x558fecf4a770 (31 bytes)
1733229682.094224 sending message 105 to peer 0x558fecf4a770 (23 bytes)
1733229682.094227 sending message 105 to peer 0x558fecf4a770 (18 bytes)
1733229682.094230 sending message 105 to peer 0x558fecf4a770 (21 bytes)
1733229682.094234 sending message 105 to peer 0x558fecf4a770 (30 bytes)
1733229682.094237 sending message 105 to peer 0x558fecf4a770 (16 bytes)
1733229682.094240 sending message 105 to peer 0x558fecf4a770 (25 bytes)
1733229682.094243 sending message 106 to peer 0x558fecf4a770 (0 bytes)
1733229682.094248 sending message 200 to peer 0x558fecf4a770 (4 bytes)
1733229682.094251 client loop enter
1733229682.094695 peer 0x558fecf4a770 message 303
1733229682.094701 open write file 2 -
1733229682.094712 sending message 305 to peer 0x558fecf4a770 (8 bytes)
1733229682.094720 write check file 2
1733229682.094847 peer 0x558fecf4a770 message 304
1733229682.094852 write 58 to file 2
1733229682.094857 peer 0x558fecf4a770 message 203
1733229682.094860 file 2 58 bytes left
1733229682.094879 write check file 2
1733229682.094883 client loop exit
